This is pdfTeX, Version 3.14159265-2.6-1.40.16 (TeX Live 2015) (preloaded format=pdflatex 2015.5.24)  8 SEP 2015 09:55
entering extended mode
 restricted \write18 enabled.
 %&-line parsing enabled.
**Report.tex
(./Report.tex
LaTeX2e <2015/01/01>
Babel <3.9l> and hyphenation patterns for 79 languages loaded.
(/usr/local/texlive/2015/texmf-dist/tex/latex/base/article.cls
Document Class: article 2014/09/29 v1.4h Standard LaTeX document class
(/usr/local/texlive/2015/texmf-dist/tex/latex/base/size10.clo
File: size10.clo 2014/09/29 v1.4h Standard LaTeX file (size option)
)
\c@part=\count79
\c@section=\count80
\c@subsection=\count81
\c@subsubsection=\count82
\c@paragraph=\count83
\c@subparagraph=\count84
\c@figure=\count85
\c@table=\count86
\abovecaptionskip=\skip41
\belowcaptionskip=\skip42
\bibindent=\dimen102
)
(/usr/local/texlive/2015/texmf-dist/tex/latex/graphics/graphicx.sty
Package: graphicx 2014/10/28 v1.0g Enhanced LaTeX Graphics (DPC,SPQR)

(/usr/local/texlive/2015/texmf-dist/tex/latex/graphics/keyval.sty
Package: keyval 2014/10/28 v1.15 key=value parser (DPC)
\KV@toks@=\toks14
)
(/usr/local/texlive/2015/texmf-dist/tex/latex/graphics/graphics.sty
Package: graphics 2014/10/28 v1.0p Standard LaTeX Graphics (DPC,SPQR)

(/usr/local/texlive/2015/texmf-dist/tex/latex/graphics/trig.sty
Package: trig 1999/03/16 v1.09 sin cos tan (DPC)
)
(/usr/local/texlive/2015/texmf-dist/tex/latex/latexconfig/graphics.cfg
File: graphics.cfg 2010/04/23 v1.9 graphics configuration of TeX Live
)
Package graphics Info: Driver file: pdftex.def on input line 94.

(/usr/local/texlive/2015/texmf-dist/tex/latex/pdftex-def/pdftex.def
File: pdftex.def 2011/05/27 v0.06d Graphics/color for pdfTeX

(/usr/local/texlive/2015/texmf-dist/tex/generic/oberdiek/infwarerr.sty
Package: infwarerr 2010/04/08 v1.3 Providing info/warning/error messages (HO)
)
(/usr/local/texlive/2015/texmf-dist/tex/generic/oberdiek/ltxcmds.sty
Package: ltxcmds 2011/11/09 v1.22 LaTeX kernel commands for general use (HO)
)
\Gread@gobject=\count87
))
\Gin@req@height=\dimen103
\Gin@req@width=\dimen104
)
(/usr/local/texlive/2015/texmf-dist/tex/latex/graphics/color.sty
Package: color 2014/10/28 v1.1a Standard LaTeX Color (DPC)

(/usr/local/texlive/2015/texmf-dist/tex/latex/latexconfig/color.cfg
File: color.cfg 2007/01/18 v1.5 color configuration of teTeX/TeXLive
)
Package color Info: Driver file: pdftex.def on input line 142.
)
(/usr/local/texlive/2015/texmf-dist/tex/latex/framed/framed.sty
Package: framed 2011/10/22 v 0.96: framed or shaded text with page breaks
\OuterFrameSep=\skip43
\fb@frw=\dimen105
\fb@frh=\dimen106
\FrameRule=\dimen107
\FrameSep=\dimen108
)
(/usr/local/texlive/2015/texmf-dist/tex/latex/base/alltt.sty
Package: alltt 1997/06/16 v2.0g defines alltt environment
)
(/usr/local/texlive/2015/texmf-dist/tex/latex/upquote/upquote.sty
Package: upquote 2012/04/19 v1.3 upright-quote and grave-accent glyphs in verba
tim
)
(./Report.aux)
\openout1 = `Report.aux'.

LaTeX Font Info:    Checking defaults for OML/cmm/m/it on input line 52.
LaTeX Font Info:    ... okay on input line 52.
LaTeX Font Info:    Checking defaults for T1/cmr/m/n on input line 52.
LaTeX Font Info:    ... okay on input line 52.
LaTeX Font Info:    Checking defaults for OT1/cmr/m/n on input line 52.
LaTeX Font Info:    ... okay on input line 52.
LaTeX Font Info:    Checking defaults for OMS/cmsy/m/n on input line 52.
LaTeX Font Info:    ... okay on input line 52.
LaTeX Font Info:    Checking defaults for OMX/cmex/m/n on input line 52.
LaTeX Font Info:    ... okay on input line 52.
LaTeX Font Info:    Checking defaults for U/cmr/m/n on input line 52.
LaTeX Font Info:    ... okay on input line 52.

(/usr/local/texlive/2015/texmf-dist/tex/context/base/supp-pdf.mkii
[Loading MPS to PDF converter (version 2006.09.02).]
\scratchcounter=\count88
\scratchdimen=\dimen109
\scratchbox=\box26
\nofMPsegments=\count89
\nofMParguments=\count90
\everyMPshowfont=\toks15
\MPscratchCnt=\count91
\MPscratchDim=\dimen110
\MPnumerator=\count92
\makeMPintoPDFobject=\count93
\everyMPtoPDFconversion=\toks16
) (/usr/local/texlive/2015/texmf-dist/tex/generic/oberdiek/pdftexcmds.sty
Package: pdftexcmds 2011/11/29 v0.20 Utility functions of pdfTeX for LuaTeX (HO
)

(/usr/local/texlive/2015/texmf-dist/tex/generic/oberdiek/ifluatex.sty
Package: ifluatex 2010/03/01 v1.3 Provides the ifluatex switch (HO)
Package ifluatex Info: LuaTeX not detected.
)
(/usr/local/texlive/2015/texmf-dist/tex/generic/oberdiek/ifpdf.sty
Package: ifpdf 2011/01/30 v2.3 Provides the ifpdf switch (HO)
Package ifpdf Info: pdfTeX in PDF mode is detected.
)
Package pdftexcmds Info: LuaTeX not detected.
Package pdftexcmds Info: \pdf@primitive is available.
Package pdftexcmds Info: \pdf@ifprimitive is available.
Package pdftexcmds Info: \pdfdraftmode found.
)
(/usr/local/texlive/2015/texmf-dist/tex/latex/oberdiek/epstopdf-base.sty
Package: epstopdf-base 2010/02/09 v2.5 Base part for package epstopdf

(/usr/local/texlive/2015/texmf-dist/tex/latex/oberdiek/grfext.sty
Package: grfext 2010/08/19 v1.1 Manage graphics extensions (HO)

(/usr/local/texlive/2015/texmf-dist/tex/generic/oberdiek/kvdefinekeys.sty
Package: kvdefinekeys 2011/04/07 v1.3 Define keys (HO)
))
(/usr/local/texlive/2015/texmf-dist/tex/latex/oberdiek/kvoptions.sty
Package: kvoptions 2011/06/30 v3.11 Key value format for package options (HO)

(/usr/local/texlive/2015/texmf-dist/tex/generic/oberdiek/kvsetkeys.sty
Package: kvsetkeys 2012/04/25 v1.16 Key value parser (HO)

(/usr/local/texlive/2015/texmf-dist/tex/generic/oberdiek/etexcmds.sty
Package: etexcmds 2011/02/16 v1.5 Avoid name clashes with e-TeX commands (HO)
Package etexcmds Info: Could not find \expanded.
(etexcmds)             That can mean that you are not using pdfTeX 1.50 or
(etexcmds)             that some package has redefined \expanded.
(etexcmds)             In the latter case, load this package earlier.
)))
Package grfext Info: Graphics extension search list:
(grfext)             [.png,.pdf,.jpg,.mps,.jpeg,.jbig2,.jb2,.PNG,.PDF,.JPG,.JPE
G,.JBIG2,.JB2,.eps]
(grfext)             \AppendGraphicsExtensions on input line 452.

(/usr/local/texlive/2015/texmf-dist/tex/latex/latexconfig/epstopdf-sys.cfg
File: epstopdf-sys.cfg 2010/07/13 v1.3 Configuration of (r)epstopdf for TeX Liv
e
))
LaTeX Font Info:    External font `cmex10' loaded for size
(Font)              <12> on input line 57.
LaTeX Font Info:    External font `cmex10' loaded for size
(Font)              <8> on input line 57.
LaTeX Font Info:    External font `cmex10' loaded for size
(Font)              <6> on input line 57.

Underfull \hbox (badness 10000) in paragraph at lines 63--66

 []


Underfull \hbox (badness 10000) in paragraph at lines 63--66

 []

Package color Info: Redefining color shadecolor on input line 72.
<figure/addfigure1-1.pdf, id=1, 505.89pt x 144.54pt>
File: figure/addfigure1-1.pdf Graphic file (type pdf)

<use figure/addfigure1-1.pdf>
Package pdftex.def Info: figure/addfigure1-1.pdf used on input line 74.
(pdftex.def)             Requested size: 345.0pt x 98.5726pt.
 [1

{/usr/local/texlive/2015/texmf-var/fonts/map/pdftex/updmap/pdftex.map}]
Package color Info: Redefining color shadecolor on input line 84.
 <figure/addfigure2-1.pdf, id=11, 505.89pt x 144.54pt>
File: figure/addfigure2-1.pdf Graphic file (type pdf)

<use figure/addfigure2-1.pdf>
Package pdftex.def Info: figure/addfigure2-1.pdf used on input line 86.
(pdftex.def)             Requested size: 345.0pt x 98.5726pt.
Package color Info: Redefining color shadecolor on input line 97.

<figure/addfigure3-1.pdf, id=12, 505.89pt x 144.54pt>
File: figure/addfigure3-1.pdf Graphic file (type pdf)

<use figure/addfigure3-1.pdf>
Package pdftex.def Info: figure/addfigure3-1.pdf used on input line 99.
(pdftex.def)             Requested size: 345.0pt x 98.5726pt.


LaTeX Warning: `!h' float specifier changed to `!ht'.


Overfull \hbox (1.49698pt too wide) in paragraph at lines 131--131
[]\OT1/cmtt/m/n/10 ##                      result_time         epoch           
nodeid[] 
 []


Overfull \hbox (22.4968pt too wide) in paragraph at lines 131--131
[]\OT1/cmtt/m/n/10 ##  2004-11-10 14:25:00       :263425   Min.   :    2   Min.
   :  2.00[] 
 []


Overfull \hbox (22.4968pt too wide) in paragraph at lines 131--131
[]\OT1/cmtt/m/n/10 ##  2004-05-07 18:24:58.666424:     0   1st Qu.: 1162   1st 
Qu.: 46.00[] 
 []


Overfull \hbox (22.4968pt too wide) in paragraph at lines 131--131
[]\OT1/cmtt/m/n/10 ##  2004-05-07 18:24:58.805974:     0   Median : 2421   Medi
an : 80.00[] 
 []


Overfull \hbox (22.4968pt too wide) in paragraph at lines 131--131
[]\OT1/cmtt/m/n/10 ##  2004-05-07 18:24:59.075427:     0   Mean   : 3344   Mean
   : 87.79[] 
 []


Overfull \hbox (22.4968pt too wide) in paragraph at lines 131--131
[]\OT1/cmtt/m/n/10 ##  2004-05-07 18:24:59.355354:     0   3rd Qu.: 5274   3rd 
Qu.:119.00[] 
 []


Overfull \hbox (22.4968pt too wide) in paragraph at lines 131--131
[]\OT1/cmtt/m/n/10 ##  2004-05-07 18:24:59.675467:     0   Max.   :12635   Max.
   :200.00[] 
 []


Overfull \hbox (6.74693pt too wide) in paragraph at lines 131--131
[]\OT1/cmtt/m/n/10 ##  Min.   :    0   Min.   :2.405   Min.   :  1.00   Min.   
: 16.27[] 
 []


Overfull \hbox (6.74693pt too wide) in paragraph at lines 131--131
[]\OT1/cmtt/m/n/10 ##  1st Qu.:   44   1st Qu.:2.651   1st Qu.:  2.00   1st Qu.
: 40.33[] 
 []


Overfull \hbox (6.74693pt too wide) in paragraph at lines 131--131
[]\OT1/cmtt/m/n/10 ##  Median :  118   Median :2.712   Median :  3.00   Median 
: 61.73[] 
 []


Overfull \hbox (6.74693pt too wide) in paragraph at lines 131--131
[]\OT1/cmtt/m/n/10 ##  Mean   : 2449   Mean   :2.722   Mean   : 40.38   Mean   
: 61.68[] 
 []


Overfull \hbox (6.74693pt too wide) in paragraph at lines 131--131
[]\OT1/cmtt/m/n/10 ##  3rd Qu.:  140   3rd Qu.:2.788   3rd Qu.: 20.00   3rd Qu.
: 80.25[] 
 []


Overfull \hbox (6.74693pt too wide) in paragraph at lines 131--131
[]\OT1/cmtt/m/n/10 ##  Max.   :65535   Max.   :3.000   Max.   :255.00   Max.   
:104.41[] 
 []


Overfull \hbox (17.24684pt too wide) in paragraph at lines 131--131
[]\OT1/cmtt/m/n/10 ##  Min.   : 6.582   Min.   : 16.23   Min.   :     0   Min. 
  :   0.0[] 
 []


Overfull \hbox (17.24684pt too wide) in paragraph at lines 131--131
[]\OT1/cmtt/m/n/10 ##  1st Qu.:10.914   1st Qu.: 39.82   1st Qu.:     0   1st Q
u.:   0.0[] 
 []


Overfull \hbox (17.24684pt too wide) in paragraph at lines 131--131
[]\OT1/cmtt/m/n/10 ##  Median :14.736   Median : 60.13   Median :     0   Media
n :   0.0[] 
 []


Overfull \hbox (17.24684pt too wide) in paragraph at lines 131--131
[]\OT1/cmtt/m/n/10 ##  Mean   :15.140   Mean   : 59.79   Mean   : 11074   Mean 
  : 267.4[] 
 []


Overfull \hbox (17.24684pt too wide) in paragraph at lines 131--131
[]\OT1/cmtt/m/n/10 ##  3rd Qu.:18.822   3rd Qu.: 77.28   3rd Qu.:  6886   3rd Q
u.:   0.0[] 
 []


Overfull \hbox (17.24684pt too wide) in paragraph at lines 131--131
[]\OT1/cmtt/m/n/10 ##  Max.   :32.581   Max.   :100.22   Max.   :180255   Max. 
  :9142.9[] 
 []

[2 <./figure/addfigure1-1.pdf> <./figure/addfigure2-1.pdf>]
Package color Info: Redefining color shadecolor on input line 137.
 [3 <./figure/addfigure3-1.pdf>]
Package color Info: Redefining color shadecolor on input line 153.
 <figure/addfigure4-1.pdf, id=46, 505.89pt x 144.54pt>
File: figure/addfigure4-1.pdf Graphic file (type pdf)

<use figure/addfigure4-1.pdf>
Package pdftex.def Info: figure/addfigure4-1.pdf used on input line 155.
(pdftex.def)             Requested size: 345.0pt x 98.5726pt.
Package color Info: Redefining color shadecolor on input line 166.

<figure/addfigure5-1.pdf, id=47, 505.89pt x 144.54pt>
File: figure/addfigure5-1.pdf Graphic file (type pdf)

<use figure/addfigure5-1.pdf>
Package pdftex.def Info: figure/addfigure5-1.pdf used on input line 168.
(pdftex.def)             Requested size: 345.0pt x 98.5726pt.
Package color Info: Redefining color shadecolor on input line 179.

<figure/addfigure6-1.pdf, id=48, 505.89pt x 144.54pt>
File: figure/addfigure6-1.pdf Graphic file (type pdf)

<use figure/addfigure6-1.pdf>
Package pdftex.def Info: figure/addfigure6-1.pdf used on input line 181.
(pdftex.def)             Requested size: 345.0pt x 98.5726pt.


LaTeX Warning: `!h' float specifier changed to `!ht'.

Package color Info: Redefining color shadecolor on input line 192.
<figure/addfigure7-1.pdf, id=49, 505.89pt x 144.54pt>
File: figure/addfigure7-1.pdf Graphic file (type pdf)

<use figure/addfigure7-1.pdf>
Package pdftex.def Info: figure/addfigure7-1.pdf used on input line 194.
(pdftex.def)             Requested size: 345.0pt x 98.5726pt.


LaTeX Warning: `!h' float specifier changed to `!ht'.

Package color Info: Redefining color shadecolor on input line 205.
<figure/addfigure8-1.pdf, id=50, 505.89pt x 144.54pt>
File: figure/addfigure8-1.pdf Graphic file (type pdf)

<use figure/addfigure8-1.pdf>
Package pdftex.def Info: figure/addfigure8-1.pdf used on input line 207.
(pdftex.def)             Requested size: 345.0pt x 98.5726pt.


LaTeX Warning: `!h' float specifier changed to `!ht'.

Package color Info: Redefining color shadecolor on input line 220.
<figure/addfigure9-1.pdf, id=51, 505.89pt x 144.54pt>
File: figure/addfigure9-1.pdf Graphic file (type pdf)

<use figure/addfigure9-1.pdf>
Package pdftex.def Info: figure/addfigure9-1.pdf used on input line 222.
(pdftex.def)             Requested size: 345.0pt x 98.5726pt.


LaTeX Warning: `!h' float specifier changed to `!ht'.

Package color Info: Redefining color shadecolor on input line 233.
<figure/addfigure10-1.pdf, id=52, 505.89pt x 144.54pt>
File: figure/addfigure10-1.pdf Graphic file (type pdf)

<use figure/addfigure10-1.pdf>
Package pdftex.def Info: figure/addfigure10-1.pdf used on input line 235.
(pdftex.def)             Requested size: 345.0pt x 98.5726pt.


LaTeX Warning: `!h' float specifier changed to `!ht'.

Package color Info: Redefining color shadecolor on input line 246.
<figure/addfigure11-1.pdf, id=53, 505.89pt x 144.54pt>
File: figure/addfigure11-1.pdf Graphic file (type pdf)

<use figure/addfigure11-1.pdf>
Package pdftex.def Info: figure/addfigure11-1.pdf used on input line 248.
(pdftex.def)             Requested size: 345.0pt x 98.5726pt.


LaTeX Warning: `!h' float specifier changed to `!ht'.

Package color Info: Redefining color shadecolor on input line 259.
<figure/addfigure12-1.pdf, id=54, 505.89pt x 144.54pt>
File: figure/addfigure12-1.pdf Graphic file (type pdf)

<use figure/addfigure12-1.pdf>
Package pdftex.def Info: figure/addfigure12-1.pdf used on input line 261.
(pdftex.def)             Requested size: 345.0pt x 98.5726pt.


LaTeX Warning: `!h' float specifier changed to `!ht'.

Package color Info: Redefining color shadecolor on input line 275.
<figure/addfigure13-1.pdf, id=55, 505.89pt x 144.54pt>
File: figure/addfigure13-1.pdf Graphic file (type pdf)

<use figure/addfigure13-1.pdf>
Package pdftex.def Info: figure/addfigure13-1.pdf used on input line 277.
(pdftex.def)             Requested size: 345.0pt x 98.5726pt.


LaTeX Warning: `!h' float specifier changed to `!ht'.

Package color Info: Redefining color shadecolor on input line 288.
<figure/addfigure14-1.pdf, id=56, 505.89pt x 144.54pt>
File: figure/addfigure14-1.pdf Graphic file (type pdf)

<use figure/addfigure14-1.pdf>
Package pdftex.def Info: figure/addfigure14-1.pdf used on input line 290.
(pdftex.def)             Requested size: 345.0pt x 98.5726pt.


LaTeX Warning: `!h' float specifier changed to `!ht'.

Package color Info: Redefining color shadecolor on input line 301.
<figure/addfigure15-1.pdf, id=57, 505.89pt x 144.54pt>
File: figure/addfigure15-1.pdf Graphic file (type pdf)

<use figure/addfigure15-1.pdf>
Package pdftex.def Info: figure/addfigure15-1.pdf used on input line 303.
(pdftex.def)             Requested size: 345.0pt x 98.5726pt.


LaTeX Warning: `!h' float specifier changed to `!ht'.

Package color Info: Redefining color shadecolor on input line 315.
<figure/addfigure16-1.pdf, id=58, 505.89pt x 144.54pt>
File: figure/addfigure16-1.pdf Graphic file (type pdf)

<use figure/addfigure16-1.pdf>
Package pdftex.def Info: figure/addfigure16-1.pdf used on input line 317.
(pdftex.def)             Requested size: 345.0pt x 98.5726pt.


LaTeX Warning: `!h' float specifier changed to `!ht'.

Package color Info: Redefining color shadecolor on input line 330.
<figure/addfigure17-1.pdf, id=59, 505.89pt x 144.54pt>
File: figure/addfigure17-1.pdf Graphic file (type pdf)

<use figure/addfigure17-1.pdf>
Package pdftex.def Info: figure/addfigure17-1.pdf used on input line 332.
(pdftex.def)             Requested size: 345.0pt x 98.5726pt.
 [4 <./figure/addfigure4-1.pdf> <./figure/addfigure5-1.pdf>]

LaTeX Warning: Text page 5 contains only floats.

[5 <./figure/addfigure6-1.pdf> <./figure/addfigure7-1.pdf> <./figure/addfigure8
-1.pdf> <./figure/addfigure9-1.pdf>]

LaTeX Warning: Text page 6 contains only floats.

[6 <./figure/addfigure10-1.pdf> <./figure/addfigure11-1.pdf> <./figure/addfigur
e12-1.pdf> <./figure/addfigure13-1.pdf>]

LaTeX Warning: `!h' float specifier changed to `!ht'.

Package color Info: Redefining color shadecolor on input line 343.
<figure/addfigure18-1.pdf, id=137, 505.89pt x 144.54pt>
File: figure/addfigure18-1.pdf Graphic file (type pdf)

<use figure/addfigure18-1.pdf>
Package pdftex.def Info: figure/addfigure18-1.pdf used on input line 345.
(pdftex.def)             Requested size: 345.0pt x 98.5726pt.


LaTeX Warning: `!h' float specifier changed to `!ht'.

Package color Info: Redefining color shadecolor on input line 356.
<figure/addfigure19-1.pdf, id=138, 505.89pt x 144.54pt>
File: figure/addfigure19-1.pdf Graphic file (type pdf)

<use figure/addfigure19-1.pdf>
Package pdftex.def Info: figure/addfigure19-1.pdf used on input line 358.
(pdftex.def)             Requested size: 345.0pt x 98.5726pt.


LaTeX Warning: `!h' float specifier changed to `!ht'.

Package color Info: Redefining color shadecolor on input line 369.
<figure/addfigure20-1.pdf, id=139, 505.89pt x 144.54pt>
File: figure/addfigure20-1.pdf Graphic file (type pdf)

<use figure/addfigure20-1.pdf>
Package pdftex.def Info: figure/addfigure20-1.pdf used on input line 371.
(pdftex.def)             Requested size: 345.0pt x 98.5726pt.


LaTeX Warning: `!h' float specifier changed to `!ht'.


Underfull \hbox (badness 10000) in paragraph at lines 381--382

 []

[7 <./figure/addfigure14-1.pdf> <./figure/addfigure15-1.pdf> <./figure/addfigur
e16-1.pdf>]

LaTeX Warning: Text page 8 contains only floats.

[8 <./figure/addfigure17-1.pdf> <./figure/addfigure18-1.pdf> <./figure/addfigur
e19-1.pdf> <./figure/addfigure20-1.pdf>]
Underfull \hbox (badness 10000) in paragraph at lines 383--384

 []


Underfull \hbox (badness 10000) in paragraph at lines 385--386

 []

Package color Info: Redefining color shadecolor on input line 392.
<figure/addfigure21-1.pdf, id=212, 505.89pt x 144.54pt>
File: figure/addfigure21-1.pdf Graphic file (type pdf)

<use figure/addfigure21-1.pdf>
Package pdftex.def Info: figure/addfigure21-1.pdf used on input line 394.
(pdftex.def)             Requested size: 345.0pt x 98.5726pt.
 [9]
Package color Info: Redefining color shadecolor on input line 405.

<figure/addfigure22-1.pdf, id=216, 505.89pt x 144.54pt>
File: figure/addfigure22-1.pdf Graphic file (type pdf)

<use figure/addfigure22-1.pdf>
Package pdftex.def Info: figure/addfigure22-1.pdf used on input line 407.
(pdftex.def)             Requested size: 345.0pt x 98.5726pt.
Package color Info: Redefining color shadecolor on input line 418.

<figure/addfigure23-1.pdf, id=217, 505.89pt x 144.54pt>
File: figure/addfigure23-1.pdf Graphic file (type pdf)

<use figure/addfigure23-1.pdf>
Package pdftex.def Info: figure/addfigure23-1.pdf used on input line 420.
(pdftex.def)             Requested size: 345.0pt x 98.5726pt.
Package color Info: Redefining color shadecolor on input line 431.

<figure/addfigure24-1.pdf, id=218, 505.89pt x 144.54pt>
File: figure/addfigure24-1.pdf Graphic file (type pdf)

<use figure/addfigure24-1.pdf>
Package pdftex.def Info: figure/addfigure24-1.pdf used on input line 433.
(pdftex.def)             Requested size: 345.0pt x 98.5726pt.


LaTeX Warning: `!h' float specifier changed to `!ht'.

[10 <./figure/addfigure21-1.pdf> <./figure/addfigure22-1.pdf> <./figure/addfigu
re23-1.pdf>] [11 <./figure/addfigure24-1.pdf>] (./Report.aux) ) 
Here is how much of TeX's memory you used:
 1771 strings out of 493089
 27037 string characters out of 6134842
 88605 words of memory out of 5000000
 5225 multiletter control sequences out of 15000+600000
 7755 words of font info for 28 fonts, out of 8000000 for 9000
 1141 hyphenation exceptions out of 8191
 38i,7n,23p,1115b,258s stack positions out of 5000i,500n,10000p,200000b,80000s
</usr/local/texl
ive/2015/texmf-dist/fonts/type1/public/amsfonts/cm/cmbx12.pfb></usr/local/texli
ve/2015/texmf-dist/fonts/type1/public/amsfonts/cm/cmr10.pfb></usr/local/texlive
/2015/texmf-dist/fonts/type1/public/amsfonts/cm/cmr12.pfb></usr/local/texlive/2
015/texmf-dist/fonts/type1/public/amsfonts/cm/cmr17.pfb></usr/local/texlive/201
5/texmf-dist/fonts/type1/public/amsfonts/cm/cmtt10.pfb>
Output written on Report.pdf (11 pages, 144622006 bytes).
PDF statistics:
 267 PDF objects out of 1000 (max. 8388607)
 195 compressed objects within 2 object streams
 0 named destinations out of 1000 (max. 500000)
 121 words of extra memory for PDF output out of 10000 (max. 10000000)

